<?xml version="1.0" encoding="UTF-8"?>
<testng-results ignored="0" total="1" passed="1" failed="0" skipped="0">
  <reporter-output>
  </reporter-output>
  <suite started-at="2023-08-24T08:11:47 IST" name="Default suite" finished-at="2023-08-24T08:11:47 IST" duration-ms="87">
    <groups>
    </groups>
    <test started-at="2023-08-24T08:11:47 IST" name="Default test" finished-at="2023-08-24T08:11:47 IST" duration-ms="87">
      <class name="test">
        <test-method signature="test()[pri:0, instance:test@5119fb47]" started-at="2023-08-24T08:11:47 IST" name="test" finished-at="2023-08-24T08:11:47 IST" duration-ms="17" status="PASS">
          <reporter-output>
          </reporter-output>
        </test-method> <!-- test -->
      </class> <!-- test -->
    </test> <!-- Default test -->
  </suite> <!-- Default suite -->
</testng-results>
